Doctest for say_my_name

Return:
	Does not return anything.
=================================

Definition:
	def say_my_name(first_name, last_name=""):

Example: Test case with only one argument
------------------------------------------

::
	>>> say_my_name = __import__('3-say_my_name').say_my_name
	>>> say_my_name("Shobi")
	My name is Shobi 

::

Tests Case: Invalid type for last_name
--------------------------------------

::
	>>> say_my_name("Shobi", None)
	Traceback (most recent call last):
	TypeError: last_name must be a string

::

Test Case: Invalid type for first_name
---------------------------------------

::
	>>> say_my_name(2)
	Traceback (most recent call last):
	TypeError: first_name must be a string

::

Test Case: At least one argument must be provided
--------------------------------------------------

::
	>>> say_my_name()
	Traceback (most recent call last):
	TypeError: say_my_name() missing 1 required positional argument: 'first_name'
