Doctest for print_square

Return:
	Does not return anything.
==================================

Definition:
	def print_square(size):

Example: Test case 4x4 square
------------------------------

::
	>>> print_square = __import__('4-print_square').print_square
	>>> print_square(4)
	####
	####
	####
	####

::

Test Case: Invalid type for ``Size``
-------------------------------------

::
	>>> print_square(3.2)
	Traceback (most recent call last):
	TypeError: size must be an integer

::

Tests Case: ``Size`` is less than 0
--------------------------------------

::
	>>> print_square(-1)
	Traceback (most recent call last):
	ValueError: size must be >= 0

::

Test Case: ``Size`` as a float and less than 0
----------------------------------------------

::
	>>> print_square(-2.0)
	Traceback (most recent call last):
	TypeError: size must be an integer

::

Test Case: ``Size`` as 0
-------------------------

::
	>>> print_square(0)

::

Test Case: ``Size`` as 0
-------------------------

::
        >>> print_square(-3.2)
	Traceback (most recent call last):
        TypeError: size must be an integer

::

Test Case: ``Size`` as 0
-------------------------

::
        >>> print_square()
        Traceback (most recent call last):
        TypeError: print_square() missing 1 required positional argument: 'size'

::
